対象（active）: 249院 / 未対応: 249院
  [1/249] 菊池歯科医院  総合10点 📡0ソース
  [2/249] 藤原歯科医院  総合0点 📡0ソース
  [3/249] そぶえ歯科  総合70点 📡3ソース
  [4/249] きしもと歯科医院  総合0点 📡0ソース
  [5/249] ごとう歯科医院  総合15点 📡0ソース
  [6/249] えがお歯科クリニック  総合72点 📡2ソース
  [7/249] まえだ歯科医院  総合15点 📡2ソース
  [8/249] いしだ小児歯科医院  総合25点 📡0ソース
  [9/249] おだ歯科医院  総合71点 📡2ソース
  [10/249] 三浦歯科医院  総合65点 📡2ソース
  [11/249] 大谷歯科医院  総合72点 📡2ソース
  [12/249] 太田歯科医院  総合0点 📡0ソース
  [13/249] あいはら歯科医院  総合80点 📡2ソース
  [14/249] 鳴尾ふくだ歯科・小児歯科  総合35点 📡2ソース
  [15/249] 長野歯科医院  総合47点 📡2ソース
  [16/249] 甲子園やまぐち歯科・矯正歯科  総合57点 📡1ソース
  [17/249] 親里歯科医院  総合17点 📡1ソース
  [18/249] くりもと歯科  総合65点 📡2ソース
  [19/249] みなみ歯科医院  総合63点 📡3ソース
  [20/249] 別所歯科  総合0点 📡0ソース
  💾 20件完了・保存
  [21/249] 中村歯科医院  総合25点 📡0ソース
  [22/249] 吉田歯科医院  総合60点 📡1ソース
  [23/249] 浜田歯科医院  総合40点 📡0ソース
  [24/249] 能登原歯科医院  総合20点 📡0ソース
  [25/249] なむら歯科  総合22点 📡1ソース
  [26/249] あかつき歯科医院  総合80点 📡3ソース
  [27/249] すがしま歯科  総合60点 📡2ソース
  [28/249] 西宮歯科総合福祉センター  総合65点 📡2ソース
  [29/249] アーバンデンタルクリニックはせがわ歯科  総合50点 📡1ソース
  [30/249] 甲子園矯正歯科 伊藤歯科クリニック ママとこども  総合86点 📡3ソース
  [31/249] 池田歯科医院  総合0点 📡0ソース
  [32/249] やなぎだに歯科  総合50点 📡3ソース
  [33/249] 日生下歯科医院  総合0点 📡0ソース
  [34/249] 辻歯科  総合20点 📡0ソース
  [35/249] ホワイトエッセンス加盟院（甲子園）  総合60点 📡2ソース
  [36/249] 絹田歯科医院  総合71点 📡2ソース
  [37/249] 甲子園駅前ながた歯科・矯正歯科  総合85点 📡3ソース
  [38/249] 和手歯科医院  総合84点 📡2ソース
  [39/249] よしだ歯科  総合70点 📡2ソース
  [40/249] ふじさきデンタルクリニック キッズプラス  総合75点 📡2ソース
  💾 40件完了・保存
  [41/249] ふじさきデンタルクリニック  総合70点 📡2ソース
  [42/249] 浅井歯科医院  総合0点 📡0ソース
  [43/249] 阪神甲子園歯科.  総合55点 📡2ソース
  [44/249] オククボ歯科クリニック  総合40点 📡1ソース
  [45/249] 森歯科  総合0点 📡0ソース
  [46/249] あきた歯科医院  総合40点 📡0ソース
  [47/249] 左海歯科クリニック  総合15点 📡3ソース
  [48/249] まつした歯科  総合76点 📡2ソース
  [49/249] 安保歯科医院  総合0点 📡0ソース
  [50/249] つかさ歯科・矯正歯科  総合70点 📡3ソース
  [51/249] 渡辺歯科医院  総合25点 📡0ソース
  [52/249] さくら歯科クリニック  総合50点 📡2ソース
  [53/249] 本庄歯科医院  総合25点 📡0ソース
  [54/249] まつうら歯科クリニック  総合20点 📡0ソース
  [55/249] むらまつ歯科  総合80点 📡3ソース
  [56/249] 西岡歯科  総合20点 📡0ソース
  [57/249] シバタ歯科医院  総合60点 📡2ソース
  [58/249] なかがわ歯科クリニック  総合77点 📡1ソース
  [59/249] りく歯科クリニック  総合70点 📡2ソース
  [60/249] 藤井歯科医院  総合0点 📡0ソース
  💾 60件完了・保存
  [61/249] 広本歯科クリニック  総合72点 📡2ソース
  [62/249] 堀内歯科医院  総合65点 📡2ソース
  [63/249] おおはら歯科医院  総合35点 📡1ソース
  [64/249] 海野歯科医院  総合0点 📡2ソース
  [65/249] なごみ歯科 こども・矯正歯科クリニック  総合85点 📡1ソース
  [66/249] 田中歯科医院  総合0点 📡0ソース
  [67/249] 医療法人社団アトリエ会 おとな・こどもセレクトフ  総合65点 📡4ソース
  [68/249] 村上歯科  総合60点 📡2ソース
  [69/249] 今津ステーション歯科クリニック  総合58点 📡2ソース
  [70/249] 安田歯科（医療法人社団）  総合50点 📡2ソース
  [71/249] みはた歯科  総合0点 📡0ソース
  [72/249] 大家歯科医院  総合55点 📡1ソース
  [73/249] たかとり歯科医院  総合0点 📡0ソース
  [74/249] 尾形歯科医院  総合0点 📡0ソース
  [75/249] にしふじ歯科医院  総合0点 📡0ソース
  [76/249] 親里小児歯科・矯正医院  総合50点 📡1ソース
  [77/249] ひろせ歯科医院  総合10点 📡1ソース
  [78/249] よしだ歯科クリニック  総合75点 📡3ソース
  [79/249] 加藤デンタルクリニック 甲子園|歯医者  総合52点 📡2ソース
  [80/249] オクノ歯科医院  総合70点 📡2ソース
  💾 80件完了・保存
  [81/249] 北川歯科医院  総合20点 📡0ソース
  [82/249] きのこかぞく歯科  総合82点 📡1ソース
  [83/249] 山本歯科医院  総合0点 📡0ソース
  [84/249] 夙川いしみね歯科・小児歯科・矯正歯科  総合83点 📡3ソース
  [85/249] 松岡歯科 (夙川/予防歯科/歯列矯正)  総合85点 📡2ソース
  [86/249] 末武歯科医院  総合77点 📡3ソース
  [87/249] あずさ歯科医院  総合0点 📡0ソース
  [88/249] 中田歯科医院  総合0点 📡0ソース
  [89/249] Ｉ・Ｔ・デンタルラボラトリー  総合0点 📡0ソース
  [90/249] 夙川やまもと歯科  総合52点 📡2ソース
  [91/249] 沢田歯科医院  総合45点 📡2ソース
  [92/249] 医療法人社団 さくら夙川駅前おきた歯科・矯正歯科  総合83点 📡4ソース
  [93/249] 夙川グリーンタウン矯正歯科  総合30点 📡1ソース
  [94/249] 鈴木歯科医院  総合30点 📡1ソース
  [95/249] 峯デンタルオフィス  総合91点 📡3ソース
  [96/249] 伊藤歯科医院  総合0点 📡0ソース
  [97/249] 医療法人真生会 夙川駅前デンタルケアクリニック  総合41点 📡4ソース
  [98/249] 西宮夙川ひかる歯科クリニック  総合92点 📡3ソース
  [99/249] 美帆矯正歯科クリニック  総合40点 📡2ソース
  [100/249] 八木歯科医院  総合0点 📡0ソース
  💾 100件完了・保存
  [101/249] 沖田歯科  総合10点 📡0ソース
  [102/249] 西宮アクア歯科クリニック  総合80点 📡1ソース
  [103/249] 親里歯科医院  総合22点 📡0ソース
  [104/249] 井上歯科医院  総合15点 📡1ソース
  [105/249] すぎしま歯科医院  総合20点 📡0ソース
  [106/249] 西島歯科医院  総合42点 📡0ソース
  [107/249] 安藤デンタルクリニック  