
============================================================
  西宮歯科総研 医院DB構築 v4.0  2026-07-08
  設計思想: 全院網羅（Nearby Search グリッド）+ AI評判生成
  グリッド数: 285点（間隔0.008度・半径600m）
  現在のDB  : 0院
  足切り    : 閉業のみ（評価・口コミ数での除外なし）
============================================================

【Phase 1】Nearby Search グリッド — 西宮市全域を座標で網羅
  目標: 検索順位・SEOに依存せず存在する全医院を取得

  🔲 [  1/285] (34.69, 135.29) → 0件（新規: 0院）
  🔲 [  2/285] (34.69, 135.298) → 0件（新規: 0院）
  🔲 [  3/285] (34.69, 135.306) → 0件（新規: 0院）
  🔲 [  4/285] (34.69, 135.314) → 0件（新規: 0院）
  🔲 [  5/285] (34.69, 135.322) → 0件（新規: 0院）
  🔲 [  6/285] (34.69, 135.33) → 0件（新規: 0院）
  🔲 [  7/285] (34.69, 135.338) → 0件（新規: 0院）
  🔲 [  8/285] (34.69, 135.346) → 0件（新規: 0院）
  🔲 [  9/285] (34.69, 135.354) → 0件（新規: 0院）
  🔲 [ 10/285] (34.69, 135.362) → 0件（新規: 0院）
  🔲 [ 11/285] (34.69, 135.37) → 0件（新規: 0院）
  🔲 [ 12/285] (34.69, 135.378) → 0件（新規: 0院）
  🔲 [ 13/285] (34.69, 135.386) → 0件（新規: 0院）
  🔲 [ 14/285] (34.69, 135.394) → 0件（新規: 0院）
  🔲 [ 15/285] (34.69, 135.402) → 0件（新規: 0院）
  🔲 [ 16/285] (34.698, 135.29) → 0件（新規: 0院）
  🔲 [ 17/285] (34.698, 135.298) → 0件（新規: 0院）
  🔲 [ 18/285] (34.698, 135.306) → 0件（新規: 0院）
  🔲 [ 19/285] (34.698, 135.314) → 0件（新規: 0院）
  🔲 [ 20/285] (34.698, 135.322) → 0件（新規: 0院）

  💾 20グリッド完了・DB保存: 0院

  🔲 [ 21/285] (34.698, 135.33) → 0件（新規: 0院）
  🔲 [ 22/285] (34.698, 135.338) → 0件（新規: 0院）
  🔲 [ 23/285] (34.698, 135.346) → 0件（新規: 0院）
  🔲 [ 24/285] (34.698, 135.354) → 0件（新規: 0院）
  🔲 [ 25/285] (34.698, 135.362) → 0件（新規: 0院）
  🔲 [ 26/285] (34.698, 135.37) → 0件（新規: 0院）
  🔲 [ 27/285] (34.698, 135.378) → 0件（新規: 0院）
  🔲 [ 28/285] (34.698, 135.386) → 0件（新規: 0院）
  🔲 [ 29/285] (34.698, 135.394) → 0件（新規: 0院）
  🔲 [ 30/285] (34.698, 135.402) → 0件（新規: 0院）
  🔲 [ 31/285] (34.706, 135.29) → 0件（新規: 0院）
  🔲 [ 32/285] (34.706, 135.298) → 0件（新規: 0院）
  🔲 [ 33/285] (34.706, 135.306) → 0件（新規: 0院）
  🔲 [ 34/285] (34.706, 135.314) → 0件（新規: 0院）
  🔲 [ 35/285] (34.706, 135.322) → 0件（新規: 0院）
  🔲 [ 36/285] (34.706, 135.33) → 0件（新規: 0院）
  🔲 [ 37/285] (34.706, 135.338) → 0件（新規: 0院）
  🔲 [ 38/285] (34.706, 135.346) → 0件（新規: 0院）
  🔲 [ 39/285] (34.706, 135.354) → 0件（新規: 0院）
  🔲 [ 40/285] (34.706, 135.362) → 1件（新規: 1院）
    ▶ 菊池歯科医院（★4.5・2件）  総合0点 📡0ソース

  💾 40グリッド完了・DB保存: 1院

  🔲 [ 41/285] (34.706, 135.37) → 6件（新規: 6院）
    ▶ 藤原歯科医院（★0・0件）  総合0点 📡0ソース
    ▶ そぶえ歯科（★3.9・16件）  総合0点 📡0ソース
    ▶ きしもと歯科医院（★3・2件）  総合0点 📡0ソース
    ▶ ごとう歯科医院（★3・7件）  総合0点 📡0ソース
    ▶ えがお歯科クリニック（★4・30件）  総合2点 📡0ソース
    ▶ まえだ歯科医院（★3.7・6件）  総合0点 📡0ソース
  🔲 [ 42/285] (34.706, 135.378) → 3件（新規: 1院）
    ▶ 藤原歯科医院（★0・0件）  総合0点 📡0ソース
    ▶ いしだ小児歯科医院（★5・3件）  総合0点 📡0ソース
  🔲 [ 43/285] (34.706, 135.386) → 0件（新規: 0院）
  🔲 [ 44/285] (34.706, 135.394) → 0件（新規: 0院）
  🔲 [ 45/285] (34.706, 135.402) → 0件（新規: 0院）
  🔲 [ 46/285] (34.714, 135.29) → 0件（新規: 0院）
  🔲 [ 47/285] (34.714, 135.298) → 0件（新規: 0院）
  🔲 [ 48/285] (34.714, 135.306) → 2件（新規: 2院）
    ▶ 芦屋もみじ歯科（★4.9・11件）  総合2点 📡0ソース
    ▶ 小寺歯科医院（★4.5・2件）  総合0点 📡0ソース
  🔲 [ 49/285] (34.714, 135.314) → 2件（新規: 2院）
    ▶ デンタルクリニックツジ（★4.8・276件）  総合8点 📡0ソース
    ▶ まつお歯科（★3・2件）  総合0点 📡0ソース
  🔲 [ 50/285] (34.714, 135.322) → 1件（新規: 0院）
    ▶ まつお歯科（★3・2件）  総合0点 📡0ソース
  🔲 [ 51/285] (34.714, 135.33) → 2件（新規: 2院）
    ▶ おだ歯科医院（★4.3・35件）  総合5点 📡0ソース
    ▶ 三浦歯科医院（★4.5・2件）  