========================================================
  公式サイト深掘り  対象 413院  FORCE=False
========================================================
  [1/413] そぶえ歯科    🦷
  [2/413] えがお歯科クリニック  👤🦷
  [3/413] まえだ歯科医院    
  [4/413] 芦屋もみじ歯科  👤🦷
  [5/413] デンタルクリニックツジ  👤🦷
  [6/413] まつお歯科  👤🦷
  [7/413] おだ歯科医院  👤🦷
  [8/413] 三浦歯科医院  👤
  [9/413] 大谷歯科医院  👤
  [10/413] あいはら歯科医院  👤🦷
  [11/413] 鳴尾ふくだ歯科・小児歯科  👤🦷
  [12/413] 長野歯科医院  👤🦷
  [13/413] 甲子園やまぐち歯科・矯正歯科    🦷
  [14/413] 親里歯科医院  👤
  [15/413] くりもと歯科  👤
  [16/413] みなみ歯科医院    🦷
  [17/413] 吉田歯科医院  👤🦷
  [18/413] リトルシルバー  👤
  [19/413] うがき歯科医院  👤🦷
  [20/413] いいじま歯科医院    
    💾 20院保存 / 院長15 設備13
  [21/413] 船岡歯科医院  👤🦷
  [22/413] すがぬま歯科クリニック  👤🦷
  [23/413] にしむら歯科医院    🦷
  [24/413] 医療法人社団ながせデンタルクリニック/歯  👤🦷
  [25/413] にしうみ歯科・矯正歯科  👤🦷
  [26/413] むらかみ矯正歯科・小児歯科（旧 村上ちな  👤
  [27/413] 神田歯科医院  👤
  [28/413] おのデンタルクリニック  👤🦷
  [29/413] ほほえみ歯科  👤🦷
  [30/413] ひしかわ歯科矯正歯科  👤
  [31/413] 歯医者 Les芦屋デンタルクリニック 甲  👤🦷
  [32/413] Lioデンタルクリニック  👤
  [33/413] むらまつ歯科クリニック    
  [34/413] 芦屋浜歯科クリニック  👤
  [35/413] 芦屋浜風のはいしゃさん 神田歯科  👤
  [36/413] なむら歯科    
  [37/413] あかつき歯科医院  👤🦷
  [38/413] すがしま歯科  👤
  [39/413] 西宮歯科総合福祉センター    🦷
  [40/413] アーバンデンタルクリニックはせがわ歯科    
    💾 40院保存 / 院長30 設備23
  [41/413] 甲子園矯正歯科 伊藤歯科クリニック ママ  👤
  [42/413] やなぎだに歯科  👤
  [43/413] ホワイトエッセンス加盟院（甲子園）  👤🦷
  [44/413] 絹田歯科医院  👤🦷
  [45/413] 甲子園駅前ながた歯科・矯正歯科  👤🦷
  [46/413] 和手歯科医院  👤
  [47/413] よしだ歯科  👤
  [48/413] ふじさきデンタルクリニック キッズプラス  👤
  [49/413] ふじさきデンタルクリニック  👤🦷
  [50/413] 阪神甲子園歯科.  👤🦷
  [51/413] オククボ歯科クリニック  👤
  [52/413] Morihiko Dental Clin  👤🦷
  [53/413] 坂本歯科  👤🦷
  [54/413] 左海歯科クリニック  👤
  [55/413] まつした歯科  👤🦷
  [56/413] つかさ歯科・矯正歯科  👤
  [57/413] さくら歯科クリニック  👤🦷
  [58/413] アクア畠中歯科  👤
  [59/413] さとう歯科  👤
  [60/413] そえだ歯科医院    
    💾 60院保存 / 院長49 設備32
  [61/413] かもい歯科  👤🦷
  [62/413] ママとこどものはいしゃさん神戸甲南山手院  👤
  [63/413] ママとこどものはいしゃさん 甲南山手クリ  👤
  [64/413] 亀田歯科クリニック    
  [65/413] 甲南山手 すみれ歯科・矯正歯科  👤
  [66/413] 博愛歯科医院  👤🦷
  [67/413] 新田歯科クリニック    🦷
  [68/413] 亀田歯科クリニック    
  [69/413] おのえ歯科医院  👤
  [70/413] 福山デンタルクリニック  👤🦷
  [71/413] 富塚歯科医院    🦷
  [72/413] うらら歯科医院  👤
  [73/413] 尾上歯科クリニック  👤🦷
  [74/413] 関本矯正歯科  👤🦷
  [75/413] 和田歯科医院  👤🦷
  [76/413] なかにし歯科ホームケアクリニック  👤🦷
  [77/413] あらまき歯科医院    
  [78/413] のとはら歯科医院 芦屋診療所  👤
  [79/413] 芦屋ひだまり歯科矯正クリニック  👤🦷
  [80/413] 池沢歯科医院  👤
    💾 80院保存 / 院長64 設備42
  [81/413] Bio Dental Clinic AS  👤🦷
  [82/413] Hirose Dental Clinic    
  [83/413] 藤田歯科診療所    
  [84/413] Lotus Medicine Healt  👤
  [85/413] 中山歯科  👤🦷
  [86/413] 崎田歯科医院    
  [87/413] 依藤歯科    
  [88/413] 若林歯科医院  👤
  [89/413] 坪内歯科医院    
  [90/413] もりわき歯科  👤🦷
  [91/413] 毎日デンタルクリニック芦屋診療所  👤
  [92/413] はまもと歯科クリニック  👤🦷
  [93/413] ホワイトニングショップ芦屋    
  [94/413] 芦屋M&S歯科・矯正クリニック JR駅前  👤
  [95/413] Haguruma Dental Clin  👤🦷
  [96/413] Mori Dental Clinic    🦷
  [97/413] Wakabanishikawa Dent  👤
  [98/413] Ashiyamaniwa Dental   👤🦷
  [99/413] Ashiyaben Clinic    
  [100/413] 芦屋ラポルテ歯の予防クリニック    
    💾 100院保存 / 院長75 設備49
  [101/413] Watanabe Dental Clin  👤
  [102/413] さくら歯科  👤🦷
  [103/413] 芦屋ファミリー歯科クリニック  👤🦷
  [104/413] にしきデンタルクリニック  👤
  [105/413] にしき歯科医院  👤
  [106/413] 永井歯科クリニック  👤🦷
  [107/413] 合田矯正歯科クリニック  👤
  [108/413] 医療法人なないろ歯科・こども矯正歯科クリ  👤🦷
  [109/413] としま歯科矯正歯科クリニック  👤
  [110/413] 聖愛歯科医院・せいあい矯正歯科  👤
  [111/413] むらまつ歯科  👤
  [112/413] シバタ歯科医院  👤🦷
  [113/413] なかがわ歯科クリニック  👤🦷
  [114/413] りく歯科クリニック  👤🦷
  [115/413] 広本歯科クリニック  👤
  [116/413] 堀内歯科医院    
  [117/413] おおはら歯科医院  👤🦷
  [118/413] 海野歯科医院    
  [119/413] なごみ歯科 こども・矯正歯科クリニック  👤
  [120/413] 医療法人社団アトリエ会 おとな・こどもセ  👤
    💾 120院保存 / 院長93 設備57
  [121/413] 村上歯科  👤🦷
  [122/413] 今津ステーション歯科クリニック    
  [123/413] 安田歯科（医療法人社団）  👤
  [124/413] 大家歯科医院  👤🦷
  [125/413] 親里小児歯科・矯正医院  👤🦷
  [126/413] ひろせ歯科医院  👤
  [127/413] よしだ歯科クリニック  👤
  [128/413] 加藤デンタルクリニック 甲子園|歯医者  👤🦷
  [129/413] オクノ歯科医院  👤🦷
  [130/413] きのこかぞく歯科  👤🦷
  [131/413] 加藤歯科    🦷
  [132/413] たなかデンタルクリニック    🦷
  [133/413] はまうらパーク歯科  👤🦷
  [134/413] 吉竹歯科医院  👤🦷
  [135/413] 村田歯科医院  👤
  [136/413] 芦屋川デンタルクリニック  👤🦷
  [137/413] 芦屋川 聖栄歯科医院・矯正歯科  👤🦷
  [138/413] いわもと歯科・矯正歯科  👤
  [139/413] 藤本歯科医院    
  [140/413] 医療法人社団TDC タバタデンタルクリニ  👤
    💾 140院保存 / 院長109 設備69
  [141/413] まるやま矯正歯科  ✗取得失敗
  [142/413] きむ矯正歯科医院  👤🦷
  [143/413] LAGOM oral maintenan  👤🦷
  [144/413] ナカニシデンタルオフィス  👤🦷
  [145/413] ラ・ミカ矯正歯科（LA MIKA ORT  👤
  [146/413] Kato Dental Clinic    
  [147/413] すみおか歯科口腔外科  👤🦷
  [148/413] Iryo Hojin Shadan M   👤
  [149/413] Muraoka Dental Clini    
  [150/413] サリー歯科クリニック    
  [151/413] 杉井歯科    
  [152/413] 夙川いしみね歯科・小児歯科・矯正歯科  👤🦷
  [153/413] 松岡歯科 (夙川/予防歯科/歯列矯正)  👤
  [154/413] 末武歯科医院    🦷
  [155/413] 芦屋歯医者しんたに歯科医院  👤🦷
  [156/413] 夙川やまもと歯科  👤
  [157/413] 沢田歯科医院  👤
  [158/413] 医療法人社団 さくら夙川駅前おきた歯科・  👤🦷
  [159/413] 夙川グリーンタウン矯正歯科    
  [160/413] 鈴木歯科医院    
    💾 160院保存 / 院長121 設備77
  [161/413] 峯デンタルオフィス    🦷
  [162/413] 医療法人真生会 夙川駅前デンタルケアクリ  👤
  [163/413] 西宮夙川ひかる歯科クリニック  👤🦷
  [164/413] 美帆矯正歯科クリニック  👤🦷
  [165/413] 西宮アクア歯科クリニック  👤🦷
  [166/413] 井上歯科医院    
  [167/413] 安藤デンタルクリニック  👤
  [168/413] ウエキ矯正歯科    🦷
  [169/413] 嶋歯科クリニック  👤🦷
  [170/413] ホワイトエッセンス加盟院（阪神西宮）  👤🦷
  [171/413] たくや歯科  👤
  [172/413] 奥平歯科医院    
  [173/413] 松井歯科医院  👤
    ⚠️ AI:HTTP Error 520: <none>
  [174/413] 西宮いーちゃんおとなこども歯科・矯正歯科    
  [175/413] 楠山歯科    
  [176/413] Yamasaki Dental Clin  👤🦷
  [177/413] 中山デンタルクリニック    🦷
  [178/413] 森川歯科医院    
  [179/413] 浜田歯科医院  👤
  [180/413] スマイルプラン歯科クリニック西宮  👤🦷
    💾 180院保存 / 院長133 設備87
  [181/413] しのはら歯科医院  👤🦷
  [182/413] わたる歯科医院  👤
  [183/413] カムカム歯科クリニック    
  [184/413] ヒロデンタルクリニック訪問歯科    🦷
  [185/413] ヒロデンタルクリニック  👤🦷
  [186/413] 西村歯科  👤
  [187/413] 田中歯科クリニック  👤🦷
  [188/413] よしだ歯科クリニック    
  [189/413] 保田矯正歯科  👤🦷
  [190/413] いのうえ歯科医院｜甲子園口/西宮《歯医者  👤
  [191/413] あしかり歯科クリニック  👤🦷
  [192/413] なかむら歯科    🦷
  [193/413] 和田歯科医院  👤🦷
  [194/413] 口コミの管理  ✗取得失敗
  [195/413] 吉田歯科医院  👤
  [196/413] 甲子園口オカダ歯科医院  👤🦷
  [197/413] 生協歯科    
  [198/413] くろだ歯科医院    
  [199/413] ながみね歯科クリニック    
  [200/413] 清水歯科    
    💾 200院保存 / 院長144 設備96
  [201/413] 寺浦歯科医院    
  [202/413] 永田歯科医院    
  [203/413] ひだまりの歯科    
  [204/413] 中島歯科医院    
  [205/413] こばやしデンタルクリニック    
  [206/413] 坪田歯科医院    
  [207/413] 朝日ケ丘タカハシデンタルクリニック    
  [208/413] 芦屋あき歯科クリニック    
  [209/413] 小西デンタルクリニック    
  [210/413] まつおか歯科医院    
  [211/413] 小田歯科    
  [212/413] 吉田歯科醫院    
  [213/413] けいデンタルクリニック    
  [214/413] 夙川ファミリーデンタルクリニック    
  [215/413] 苦楽園口いしみね歯科・小児歯科・矯正歯科    
  [216/413] かすや矯正歯科    
  [217/413] 橋本歯科医院    
  [218/413] 大家歯科医院    
  [219/413] 亀岡歯科医院    
  [220/413] なりた歯科・矯正歯科    
    💾 220院保存 / 院長144 設備96
  [221/413] よしざきファミリー歯科    
  [222/413] 長尾歯科・矯正歯科    
  [223/413] サクラデンタルクリニック    
  [224/413] 西北テラス歯科    
  [225/413] しもやま歯科    
  [226/413] 医療法人あおば西宮北口 あおばヒロ歯科ク    
  [227/413] めいゆう矯正歯科(西宮北口診療所)    
  [228/413] 西宮北口歯科小児歯科矯正歯科口腔外科    
  [229/413] なかの歯科クリニック    
  [230/413] 長谷川歯科医院    
  [231/413] 村上隆矯正歯科    
  [232/413] ホワイトニングカフェ西宮北口    
  [233/413] 西宮北口駅前歯科 ママとこどものはいしゃ    
  [234/413] 浜田歯科クリニック    
  [235/413] 西宮北口歯医者スター歯科    
  [236/413] 佐々木Oralクリニック    
  [237/413] 西宮北口ライフ歯科・矯正歯科・小児歯科    
  [238/413] ふるいちデンタルクリニック    
  [239/413] 西宮北口歯医者エイチアンドエル    
  [240/413] Nishinomiyamitsuyama    
    💾 240院保存 / 院長144 設備96
  [241/413] アルティス歯科・矯正・口腔外科クリニック    
  [242/413] Nakanishi Orthodonti    
  [243/413] Nishinomiya Clover S    
  [244/413] 歯科岡医院    
  [245/413] Nakatsujikyosei Shon    
  [246/413] ささやま歯科クリニック    
  [247/413] あかお歯科医院    
  [248/413] Nishinomiyakitaguchi    
  [249/413] 白石デンタルクリニック    
  [250/413] 甲子園口しまはら歯科    
  [251/413] ふくだ歯科    
  [252/413] オパールデンタルクリニック    
  [253/413] 永井歯科•矯正歯科    
  [254/413] 石川齒科醫院    
  [255/413] はたい歯科醫院    
  [256/413] はしづめ歯科クリニック    
  [257/413] たまむら矯正歯科 武庫之荘院    
  [258/413] 武庫之荘駅前アリス歯科    
  [259/413] ハイズ歯科・矯正歯科クリニック    
  [260/413] 武庫之荘駅前歯科 ママとこどものはいしゃ    
    💾 260院保存 / 院長144 設備96
  [261/413] 川上歯科医院    
  [262/413] 菅原歯科クリニック    
  [263/413] 山本歯科クリニック    
  [264/413] 宮川デンタルクリニック    
  [265/413] たかみ歯科医院    
  [266/413] 大塚歯科医院    
  [267/413] 野村歯科矯正歯科    
  [268/413] たくまデンタルクリニック    
  [269/413] たむら歯科クリニック    
  [270/413] 村松歯科医院    
  [271/413] 広川歯科医院    
  [272/413] サイトウ歯科    
  [273/413] たかたに歯科    
  [274/413] よこやまこども歯科    
  [275/413] 中津浜デンタルクリニック・こども矯正歯科    
  [276/413] おの歯科医院    
  [277/413] ながとし歯科医院    
  [278/413] 杉本歯科クリニック    
  [279/413] 阿部歯科    
  [280/413] メディカルホワイトニングHAKU 尼崎店    
    💾 280院保存 / 院長144 設備96
  [281/413] まなべ歯科    
  [282/413] やつづか歯科医院    
  [283/413] 小島歯科医院    
  [284/413] かい歯科    
  [285/413] 武庫之荘駅前かい矯正歯科  ✗取得失敗
  [286/413] SUMIDA DENTAL CLINIC    
  [287/413] 水野歯科医院    
  [288/413] 正木歯科クリニック    
  [289/413] きしもと歯科    
  [290/413] いけだ歯科クリニック    
  [291/413] もこもこ歯科・矯正歯科    
  [292/413] 医療法人社団 しげしたデンタルクリニック    
  [293/413] 米澤歯科醫院    
  [294/413] にしおデンタルクリニック    
  [295/413] さくらいデンタルクリニック    
  [296/413] 山本デンタルクリニック    
  [297/413] 西宮気づき歯科クリニック  ✗取得失敗
  [298/413] イケダ歯科医院    
  [299/413] 医療法人 こさか歯科クリニック    
  [300/413] ささべ歯科クリニック    
    💾 300院保存 / 院長144 設備96
  [301/413] よしだ歯科    
  [302/413] 有馬歯科・矯正歯科    
  [303/413] 法貴歯科医院    
  [304/413] 丸山歯科クリニック    
  [305/413] 山本歯科医院矯正歯科クリニック    
  [306/413] ケイ歯科クリニック 甲東園 インプラント    
  [307/413] うえは歯科医院    
  [308/413] しらやま歯科クリニック    
  [309/413] 小山歯科医院    
  [310/413] はっとり歯科・小児矯正歯科    
  [311/413] のまきたパーク歯科・矯正歯科    
  [312/413] 高橋おとなこども歯科    
  [313/413] みはら歯科クリニック    
  [314/413] 善住歯科医院    
  [315/413] cuate    
  [316/413] たつみ歯科医院    
  [317/413] アテネファミリー歯科    
  [318/413] 藤田歯科    
  [319/413] とたに歯科医院    
  [320/413] 山田歯科診療所    
    💾 320院保存 / 院長144 設備96
  [321/413] ありい歯科    
  [322/413] たにもと歯科クリニック 伊丹昆陽 小児     
  [323/413] ヒカルノ歯科・矯正歯科    
  [324/413] 中村歯科医院    
  [325/413] 藤田歯科クリニック    
  [326/413] まつもと歯科医院    
  [327/413] 岸本歯科医院    
  [328/413] 鈴木歯科    
  [329/413] もり歯科クリニック    
  [330/413] 【歯科提携】歯のホワイトニング専門店 ホ    
  [331/413] オノエ歯科    
  [332/413] 西山歯科    
  [333/413] 医療法人社団アトリエ会 おとな・こども     
  [334/413] タナカ歯科    
  [335/413] まこと歯科医院    
  [336/413] あが歯科医院    
  [337/413] 松野歯科医院    
  [338/413] 宝塚逆瀬川歯科医院    
  [339/413] アゼリア歯科クリニック    
  [340/413] ささはら歯科クリニック    
    💾 340院保存 / 院長144 設備96
  [341/413] ホワイトエッセンス加盟院（逆瀬川）    
  [342/413] イワセ歯科・矯正歯科クリニック    
  [343/413] きょうめん矯正歯科    
  [344/413] 平田歯科医院    
  [345/413] ゲンデンタルクリニック    
  [346/413] 田中歯科医院    
  [347/413] 宝塚いしもと歯科    
  [348/413] きばた歯科医院    
  [349/413] 六花デンタルクリニック    
  [350/413] 杉本歯科医院  ✗取得失敗
  [351/413] 安藤歯科医院 伊丹院    
  [352/413] ひろ歯科クリニック 伊丹 矯正歯科    
  [353/413] こんどう歯科医院    
  [354/413] 宝塚インプラント    
  [355/413] みずの歯科    
  [356/413] 笹山歯科医院    
  [357/413] 宝塚 歯科 エイチアンドエル    
  [358/413] 栗田歯科クリニック    
  [359/413] 吉田歯科    
  [360/413] 宝塚スミレデンタルクリニック    
    💾 360院保存 / 院長144 設備96
  [361/413] 矯正歯科たかぎ·クリニック    
  [362/413] ホワイトニングクリニック A 宝塚店    
  [363/413] 中井歯科医院    
  [364/413] 宝塚ファミリー歯科クリニック    
  [365/413] 福田歯科医院  ✗取得失敗
  [366/413] 宝塚あさひ歯科クリニック    
  [367/413] おざわ歯科    
  [368/413] 渡辺歯科    
  [369/413] 岩田歯科    
  [370/413] よしの歯科クリニック    
  [371/413] ブルームデンタルクリニック    
  [372/413] 高橋歯科医院    
  [373/413] 楠本歯科医院    
  [374/413] Shine Lab.    
  [375/413] 小田矯正歯科クリニック    
  [376/413] 宝塚駅前ホワイト歯科・矯正歯科    
  [377/413] 奥田歯科クリニック    
  [378/413] もりた矯正歯科    
  [379/413] 澤村歯科クリニック    
  [380/413] 宝塚ライフ歯科・矯正歯科    
    💾 380院保存 / 院長144 設備96
  [381/413] 富永歯科医院    
  [382/413] やまだ歯科    
  [383/413] もりた歯科医院    
  [384/413] ゆか歯科クリニック    
  [385/413] 荒牧あおやま歯科医院    
  [386/413] 谷口歯科医院    
  [387/413] 江本歯科医院    
  [388/413] 平岡歯科クリニック    
  [389/413] とがわ歯科クリニック    
  [390/413] 加納歯科クリニック    
  [391/413] 宝塚こども歯科    
  [392/413] さくら矯正歯科    
  [393/413] かねしろ歯科クリニック    
  [394/413] エール歯科・エールこども歯科    
  [395/413] 医療法人歯聖会 宝塚デンタルオフィス    
  [396/413] フラワー歯科・矯正歯科 山本駅前クリニッ    
  [397/413] 山本歯科クリニック    
  [398/413] ひろなか歯科クリニック    
  [399/413] よねだ歯科医院    
  [400/413] 医療法人社団 タニダ歯科医院    
    💾 400院保存 / 院長144 設備96
  [401/413] 芝辻歯科医院    
  [402/413] 青山歯科医院    
  [403/413] さかうえ歯科クリニック    
  [404/413] クリス歯科クリニック    
  [405/413] ごうがみ歯科医院    
  [406/413] 宇川歯科    
  [407/413] ファミリーセンター歯科    
  [408/413] なかたにスマイル歯科医院    
  [409/413] 卓Familie歯科・矯正歯科    
  [410/413] 西宮ホワイトデンタルクリニック    
  [411/413] つきのもり歯科クリニック    
  [412/413] 西宮市総合福祉センター    
  [413/413] 天羽歯科クリニック(あもうしか)    
========================================================
  ✅ 完了  抽出成功193 / 取得失敗6
  院長名あり 378院 / 設備あり 378院
========================================================
